{"name":"Log","hostname":"PEPS8QSJLL3","pid":160692,"level":30,"msg":"Creating table: posts","time":"2022-11-18T19:56:22.378Z","v":0}
{"name":"Log","hostname":"PEPS8QSJLL3","pid":160692,"level":30,"msg":"Creating table: posts_meta","time":"2022-11-18T19:56:22.396Z","v":0}
{"name":"Log","hostname":"PEPS8QSJLL3","pid":160692,"level":30,"msg":"Creating table: users","time":"2022-11-18T19:56:22.413Z","v":0}
{"name":"Log","hostname":"PEPS8QSJLL3","pid":160692,"level":30,"msg":"Creating table: posts_authors","time":"2022-11-18T19:56:22.432Z","v":0}
{"name":"Log","hostname":"PEPS8QSJLL3","pid":160692,"level":30,"msg":"Creating table: roles","time":"2022-11-18T19:56:22.440Z","v":0}
{"name":"Log","hostname":"PEPS8QSJLL3","pid":160692,"level":30,"msg":"Creating table: roles_users","time":"2022-11-18T19:56:22.455Z","v":0}
{"name":"Log","hostname":"PEPS8QSJLL3","pid":160692,"level":30,"msg":"Creating table: permissions","time":"2022-11-18T19:56:22.463Z","v":0}
{"name":"Log","hostname":"PEPS8QSJLL3","pid":160692,"level":30,"msg":"Creating table: permissions_users","time":"2022-11-18T19:56:22.476Z","v":0}
{"name":"Log","hostname":"PEPS8QSJLL3","pid":160692,"level":30,"msg":"Creating table: permissions_roles","time":"2022-11-18T19:56:22.484Z","v":0}
{"name":"Log","hostname":"PEPS8QSJLL3","pid":160692,"level":30,"msg":"Creating table: permissions_apps","time":"2022-11-18T19:56:22.491Z","v":0}
{"name":"Log","hostname":"PEPS8QSJLL3","pid":160692,"level":30,"msg":"Creating table: settings","time":"2022-11-18T19:56:22.499Z","v":0}
{"name":"Log","hostname":"PEPS8QSJLL3","pid":160692,"level":30,"msg":"Creating table: tags","time":"2022-11-18T19:56:22.511Z","v":0}
{"name":"Log","hostname":"PEPS8QSJLL3","pid":160692,"level":30,"msg":"Creating table: posts_tags","time":"2022-11-18T19:56:22.528Z","v":0}
{"name":"Log","hostname":"PEPS8QSJLL3","pid":160692,"level":30,"msg":"Creating table: apps","time":"2022-11-18T19:56:22.543Z","v":0}
{"name":"Log","hostname":"PEPS8QSJLL3","pid":160692,"level":30,"msg":"Creating table: app_settings","time":"2022-11-18T19:56:22.620Z","v":0}
{"name":"Log","hostname":"PEPS8QSJLL3","pid":160692,"level":30,"msg":"Creating table: app_fields","time":"2022-11-18T19:56:22.650Z","v":0}
{"name":"Log","hostname":"PEPS8QSJLL3","pid":160692,"level":30,"msg":"Creating table: invites","time":"2022-11-18T19:56:22.694Z","v":0}
{"name":"Log","hostname":"PEPS8QSJLL3","pid":160692,"level":30,"msg":"Creating table: brute","time":"2022-11-18T19:56:22.729Z","v":0}
{"name":"Log","hostname":"PEPS8QSJLL3","pid":160692,"level":30,"msg":"Creating table: webhooks","time":"2022-11-18T19:56:22.745Z","v":0}
{"name":"Log","hostname":"PEPS8QSJLL3","pid":160692,"level":30,"msg":"Creating table: sessions","time":"2022-11-18T19:56:22.755Z","v":0}
{"name":"Log","hostname":"PEPS8QSJLL3","pid":160692,"level":30,"msg":"Creating table: integrations","time":"2022-11-18T19:56:22.790Z","v":0}
{"name":"Log","hostname":"PEPS8QSJLL3","pid":160692,"level":30,"msg":"Creating table: api_keys","time":"2022-11-18T19:56:22.805Z","v":0}
{"name":"Log","hostname":"PEPS8QSJLL3","pid":160692,"level":30,"msg":"Creating table: mobiledoc_revisions","time":"2022-11-18T19:56:22.822Z","v":0}
{"name":"Log","hostname":"PEPS8QSJLL3","pid":160692,"level":30,"msg":"Creating table: members","time":"2022-11-18T19:56:22.841Z","v":0}
{"name":"Log","hostname":"PEPS8QSJLL3","pid":160692,"level":30,"msg":"Creating table: labels","time":"2022-11-18T19:56:22.870Z","v":0}
{"name":"Log","hostname":"PEPS8QSJLL3","pid":160692,"level":30,"msg":"Creating table: members_labels","time":"2022-11-18T19:56:22.893Z","v":0}
{"name":"Log","hostname":"PEPS8QSJLL3","pid":160692,"level":30,"msg":"Creating table: members_stripe_customers","time":"2022-11-18T19:56:22.905Z","v":0}
{"name":"Log","hostname":"PEPS8QSJLL3","pid":160692,"level":30,"msg":"Creating table: members_stripe_customers_subscriptions","time":"2022-11-18T19:56:22.922Z","v":0}
{"name":"Log","hostname":"PEPS8QSJLL3","pid":160692,"level":30,"msg":"Creating table: actions","time":"2022-11-18T19:56:22.938Z","v":0}
{"name":"Log","hostname":"PEPS8QSJLL3","pid":160692,"level":30,"msg":"Creating table: emails","time":"2022-11-18T19:56:22.947Z","v":0}
{"name":"Log","hostname":"PEPS8QSJLL3","pid":160692,"level":30,"msg":"Creating table: email_batches","time":"2022-11-18T19:56:22.968Z","v":0}
{"name":"Log","hostname":"PEPS8QSJLL3","pid":160692,"level":30,"msg":"Creating table: email_recipients","time":"2022-11-18T19:56:22.976Z","v":0}
{"name":"Log","hostname":"PEPS8QSJLL3","pid":160692,"level":30,"msg":"Creating table: tokens","time":"2022-11-18T19:56:23.011Z","v":0}
{"name":"Log","hostname":"PEPS8QSJLL3","pid":160692,"level":30,"msg":"Creating table: snippets","time":"2022-11-18T19:56:23.023Z","v":0}
{"name":"Log","hostname":"PEPS8QSJLL3","pid":160692,"level":30,"msg":"Model: Tag","time":"2022-11-18T19:56:23.044Z","v":0}
{"name":"Log","hostname":"PEPS8QSJLL3","pid":160692,"level":30,"msg":"Model: Role","time":"2022-11-18T19:56:23.177Z","v":0}
{"name":"Log","hostname":"PEPS8QSJLL3","pid":160692,"level":30,"msg":"Model: Permission","time":"2022-11-18T19:56:23.218Z","v":0}
{"name":"Log","hostname":"PEPS8QSJLL3","pid":160692,"level":30,"msg":"Model: User","time":"2022-11-18T19:56:23.591Z","v":0}
{"name":"Log","hostname":"PEPS8QSJLL3","pid":160692,"level":30,"msg":"Model: Post","time":"2022-11-18T19:56:24.567Z","v":0}
{"name":"Log","hostname":"PEPS8QSJLL3","pid":160692,"level":30,"msg":"Model: Integration","time":"2022-11-18T19:56:25.564Z","v":0}
{"name":"Log","hostname":"PEPS8QSJLL3","pid":160692,"level":30,"msg":"Relation: Role to Permission","time":"2022-11-18T19:56:25.604Z","v":0}
{"name":"Log","hostname":"PEPS8QSJLL3","pid":160692,"level":30,"msg":"Relation: Post to Tag","time":"2022-11-18T19:56:25.933Z","v":0}
{"name":"Log","hostname":"PEPS8QSJLL3","pid":160692,"level":30,"msg":"Relation: User to Role","time":"2022-11-18T19:56:25.977Z","v":0}
{"name":"Log","hostname":"PEPS8QSJLL3","pid":160692,"level":30,"msg":"Ghost is running in development...","time":"2022-11-18T19:57:15.602Z","v":0}
{"name":"Log","hostname":"PEPS8QSJLL3","pid":160692,"level":30,"msg":"Listening on: 127.0.0.1:2368","time":"2022-11-18T19:57:15.604Z","v":0}
{"name":"Log","hostname":"PEPS8QSJLL3","pid":160692,"level":30,"msg":"Url configured as: http://localhost:2368/","time":"2022-11-18T19:57:15.605Z","v":0}
{"name":"Log","hostname":"PEPS8QSJLL3","pid":160692,"level":30,"msg":"Ctrl+C to shut down","time":"2022-11-18T19:57:15.605Z","v":0}
{"name":"Log","hostname":"PEPS8QSJLL3","pid":160692,"level":30,"msg":"Ghost boot 62.509s","time":"2022-11-18T19:57:15.609Z","v":0}
{"name":"Log","hostname":"PEPS8QSJLL3","pid":160692,"level":50,"req":{"meta":{"requestId":"48ac846d-b400-4216-9e93-49bff3caba55","userId":null},"url":"/","method":"GET","originalUrl":"/","params":{},"headers":{"host":"localhost:2368","connection":"keep-alive","cache-control":"max-age=0","sec-ch-ua":"\".Not/A)Brand\";v=\"99\", \"Google Chrome\";v=\"103\", \"Chromium\";v=\"103\"","sec-ch-ua-mobile":"?0","sec-ch-ua-platform":"\"Windows\"","dnt":"1","upgrade-insecure-requests":"1","user-agent":"Mozilla/5.0 (Windows NT 10.0; Win64; x64) AppleWebKit/537.36 (KHTML, like Gecko) Chrome/103.0.0.0 Safari/537.36","accept":"text/html,application/xhtml+xml,application/xml;q=0.9,image/avif,image/webp,image/apng,*/*;q=0.8,application/signed-exchange;v=b3;q=0.9","sec-fetch-site":"none","sec-fetch-mode":"navigate","sec-fetch-user":"?1","sec-fetch-dest":"document","accept-encoding":"gzip, deflate, br","accept-language":"es-ES,es;q=0.9,en;q=0.8","cookie":"**REDACTED**"},"query":{}},"res":{"_headers":{"x-powered-by":"Express","cache-control":"no-cache, private, no-store, must-revalidate, max-stale=0, post-check=0, pre-check=0","content-type":"text/html; charset=utf-8","etag":"W/\"55b-c6rB9SODMTfdSBHc1Xp/Y0czr8s\"","vary":"Accept-Encoding","content-encoding":"gzip"},"statusCode":503,"responseTime":"218ms"},"err":{"id":"3356ac70-677b-11ed-b187-47bce57de855","domain":"http://localhost:2368/","code":null,"name":"MaintenanceError","statusCode":503,"level":"normal","message":"Site is starting up, please wait a moment then retry.","stack":"MaintenanceError: Site is starting up, please wait a moment then retry.\n    at new MaintenanceError (C:\\MAESTRIA\\proyecto\\proyecto_ghost_v3\\ghost\\versions\\3.42.0\\node_modules\\@tryghost\\errors\\node_modules\\ghost-ignition\\lib\\errors\\index.js:162:23)\n    at maintenance (C:\\MAESTRIA\\proyecto\\proyecto_ghost_v3\\ghost\\versions\\3.42.0\\core\\server\\web\\shared\\middlewares\\maintenance.js:14:21)\n    at Layer.handle [as handle_request] (C:\\MAESTRIA\\proyecto\\proyecto_ghost_v3\\ghost\\versions\\3.42.0\\node_modules\\express\\lib\\router\\layer.js:95:5)\n    at trim_prefix (C:\\MAESTRIA\\proyecto\\proyecto_ghost_v3\\ghost\\versions\\3.42.0\\node_modules\\express\\lib\\router\\index.js:317:13)\n    at C:\\MAESTRIA\\proyecto\\proyecto_ghost_v3\\ghost\\versions\\3.42.0\\node_modules\\express\\lib\\router\\index.js:284:7\n    at Function.process_params (C:\\MAESTRIA\\proyecto\\proyecto_ghost_v3\\ghost\\versions\\3.42.0\\node_modules\\express\\lib\\router\\index.js:335:12)\n    at next (C:\\MAESTRIA\\proyecto\\proyecto_ghost_v3\\ghost\\versions\\3.42.0\\node_modules\\express\\lib\\router\\index.js:275:10)\n    at servePublicFileMiddleware (C:\\MAESTRIA\\proyecto\\proyecto_ghost_v3\\ghost\\versions\\3.42.0\\core\\server\\web\\site\\middleware\\serve-public-file.js:75:20)\n    at Layer.handle [as handle_request] (C:\\MAESTRIA\\proyecto\\proyecto_ghost_v3\\ghost\\versions\\3.42.0\\node_modules\\express\\lib\\router\\layer.js:95:5)\n    at trim_prefix (C:\\MAESTRIA\\proyecto\\proyecto_ghost_v3\\ghost\\versions\\3.42.0\\node_modules\\express\\lib\\router\\index.js:317:13)\n    at C:\\MAESTRIA\\proyecto\\proyecto_ghost_v3\\ghost\\versions\\3.42.0\\node_modules\\express\\lib\\router\\index.js:284:7\n    at Function.process_params (C:\\MAESTRIA\\proyecto\\proyecto_ghost_v3\\ghost\\versions\\3.42.0\\node_modules\\express\\lib\\router\\index.js:335:12)\n    at next (C:\\MAESTRIA\\proyecto\\proyecto_ghost_v3\\ghost\\versions\\3.42.0\\node_modules\\express\\lib\\router\\index.js:275:10)\n    at SendStream.error (C:\\MAESTRIA\\proyecto\\proyecto_ghost_v3\\ghost\\versions\\3.42.0\\node_modules\\serve-static\\index.js:121:7)\n    at SendStream.emit (events.js:400:28)\n    at SendStream.emit (domain.js:475:12)"},"msg":"Site is starting up, please wait a moment then retry.","time":"2022-11-18T19:57:16.043Z","v":0}
{"name":"Log","hostname":"PEPS8QSJLL3","pid":160692,"level":30,"req":{"meta":{"requestId":"0694473a-189a-4614-95c7-371531006ccb","userId":null},"url":"/assets/built/screen.css?v=74ae84f7e0","method":"GET","originalUrl":"/assets/built/screen.css?v=74ae84f7e0","params":{},"headers":{"host":"localhost:2368","connection":"keep-alive","sec-ch-ua":"\".Not/A)Brand\";v=\"99\", \"Google Chrome\";v=\"103\", \"Chromium\";v=\"103\"","dnt":"1","sec-ch-ua-mobile":"?0","user-agent":"Mozilla/5.0 (Windows NT 10.0; Win64; x64) AppleWebKit/537.36 (KHTML, like Gecko) Chrome/103.0.0.0 Safari/537.36","sec-ch-ua-platform":"\"Windows\"","accept":"text/css,*/*;q=0.1","sec-fetch-site":"same-origin","sec-fetch-mode":"no-cors","sec-fetch-dest":"style","referer":"http://localhost:2368/","accept-encoding":"gzip, deflate, br","accept-language":"es-ES,es;q=0.9,en;q=0.8","cookie":"**REDACTED**"},"query":{"v":"74ae84f7e0"}},"res":{"_headers":{"x-powered-by":"Express","accept-ranges":"bytes","cache-control":"public, max-age=31536000","last-modified":"Sat, 26 Oct 1985 08:15:00 GMT","etag":"W/\"afb8-7438674ba0\"","content-type":"text/css; charset=UTF-8","vary":"Accept-Encoding","content-encoding":"gzip"},"statusCode":200,"responseTime":"18ms"},"msg":"","time":"2022-11-18T19:57:16.096Z","v":0}
{"name":"Log","hostname":"PEPS8QSJLL3","pid":160692,"level":30,"req":{"meta":{"requestId":"fff79ea8-88de-4fac-bbc9-c6e367da383c","userId":null},"url":"/favicon.ico","method":"GET","originalUrl":"/favicon.ico","params":{},"headers":{"host":"localhost:2368","connection":"keep-alive","sec-ch-ua":"\".Not/A)Brand\";v=\"99\", \"Google Chrome\";v=\"103\", \"Chromium\";v=\"103\"","dnt":"1","sec-ch-ua-mobile":"?0","user-agent":"Mozilla/5.0 (Windows NT 10.0; Win64; x64) AppleWebKit/537.36 (KHTML, like Gecko) Chrome/103.0.0.0 Safari/537.36","sec-ch-ua-platform":"\"Windows\"","accept":"image/avif,image/webp,image/apng,image/svg+xml,image/*,*/*;q=0.8","sec-fetch-site":"same-origin","sec-fetch-mode":"no-cors","sec-fetch-dest":"image","referer":"http://localhost:2368/","accept-encoding":"gzip, deflate, br","accept-language":"es-ES,es;q=0.9,en;q=0.8","cookie":"**REDACTED**"},"query":{}},"res":{"_headers":{"x-powered-by":"Express","content-type":"image/x-icon","etag":"\"8d1f3e04f7acd092d89057cf273eaa96\"","cache-control":"public, max-age=86400","vary":"Accept-Encoding","content-encoding":"gzip"},"statusCode":200,"responseTime":"20ms"},"msg":"","time":"2022-11-18T19:57:17.007Z","v":0}
{"name":"Log","hostname":"PEPS8QSJLL3","pid":138644,"level":30,"msg":"Ghost is running in development...","time":"2022-11-18T22:35:58.886Z","v":0}
{"name":"Log","hostname":"PEPS8QSJLL3","pid":138644,"level":30,"msg":"Listening on: 127.0.0.1:2368","time":"2022-11-18T22:35:58.890Z","v":0}
{"name":"Log","hostname":"PEPS8QSJLL3","pid":138644,"level":30,"msg":"Url configured as: http://localhost:2368/","time":"2022-11-18T22:35:58.892Z","v":0}
{"name":"Log","hostname":"PEPS8QSJLL3","pid":138644,"level":30,"msg":"Ctrl+C to shut down","time":"2022-11-18T22:35:58.893Z","v":0}
{"name":"Log","hostname":"PEPS8QSJLL3","pid":138644,"level":30,"msg":"Ghost boot 111.809s","time":"2022-11-18T22:35:58.898Z","v":0}
